<?xml version="1.0" encoding="UTF-8"?>
<!-- Generated by org.testng.reporters.JUnitReportReporter -->
<testsuite hostname="Poojas-MacBook-Pro.local" failures="0" tests="1" name="Runners.TestRunner" time="67.033" errors="0" timestamp="18 Feb 2020 08:51:38 GMT" skipped="0">
  <testcase classname="Runners.TestRunner" name="runScenario" time="67.033"/>
</testsuite> <!-- Runners.TestRunner -->
